<?xml version="1.0" encoding="UTF-8"?>
<!-- Generated by org.testng.reporters.JUnitReportReporter -->
<testsuite hostname="DESKTOP-KGDKVVR" failures="0" tests="1" name="TestNGDemo" time="0.015" errors="0" timestamp="2019-10-07T09:33:15 MDT" skipped="0">
  <testcase classname="TestNGDemo" name="testApp" time="0.015"/>
</testsuite> <!-- TestNGDemo -->
